[ 2026-04-04 11:28:43,711 ] 25 networksecurityLogger - ERROR - Error occurred in script: [E:\ml\Project\networksecurity\exception\exception.py] at line: [30] error message: [division by zero]
[ 2026-04-04 11:47:44,980 ] 25 networksecurityLogger - ERROR - Error occurred in script: [E:\ml\Project\push_data.py] at line: [27] error message: [[Errno 2] No such file or directory: 'Network_data/data.csv']
[ 2026-04-04 11:47:44,980 ] 25 networksecurityLogger - ERROR - Error occurred in script: [E:\ml\Project\push_data.py] at line: [60] error message: [[Errno 2] No such file or directory: 'Network_data/data.csv']
[ 2026-04-04 11:48:35,176 ] 28 networksecurityLogger - INFO - Data loaded successfully from CSV
[ 2026-04-04 11:48:35,176 ] 25 networksecurityLogger - ERROR - Error occurred in script: [E:\ml\Project\push_data.py] at line: [36] error message: [Invalid URI scheme: URI must begin with 'mongodb://' or 'mongodb+srv://']
[ 2026-04-04 11:48:35,176 ] 25 networksecurityLogger - ERROR - Error occurred in script: [E:\ml\Project\push_data.py] at line: [61] error message: [Invalid URI scheme: URI must begin with 'mongodb://' or 'mongodb+srv://']
[ 2026-04-04 11:48:57,079 ] 28 networksecurityLogger - INFO - Data loaded successfully from CSV
[ 2026-04-04 11:48:59,279 ] 25 networksecurityLogger - ERROR - Error occurred in script: [E:\ml\Project\push_data.py] at line: [44] error message: [bad auth : authentication failed, full error: {'ok': 0, 'errmsg': 'bad auth : authentication failed', 'code': 8000, 'codeName': 'AtlasError'}]
[ 2026-04-04 11:48:59,279 ] 25 networksecurityLogger - ERROR - Error occurred in script: [E:\ml\Project\push_data.py] at line: [61] error message: [bad auth : authentication failed, full error: {'ok': 0, 'errmsg': 'bad auth : authentication failed', 'code': 8000, 'codeName': 'AtlasError'}]
[ 2026-04-04 11:49:11,305 ] 28 networksecurityLogger - INFO - Data loaded successfully from CSV
[ 2026-04-04 11:49:12,794 ] 25 networksecurityLogger - ERROR - Error occurred in script: [E:\ml\Project\push_data.py] at line: [44] error message: [bad auth : authentication failed, full error: {'ok': 0, 'errmsg': 'bad auth : authentication failed', 'code': 8000, 'codeName': 'AtlasError'}]
[ 2026-04-04 11:49:12,794 ] 25 networksecurityLogger - ERROR - Error occurred in script: [E:\ml\Project\push_data.py] at line: [61] error message: [bad auth : authentication failed, full error: {'ok': 0, 'errmsg': 'bad auth : authentication failed', 'code': 8000, 'codeName': 'AtlasError'}]
[ 2026-04-04 11:50:10,635 ] 28 networksecurityLogger - INFO - Data loaded successfully from CSV
[ 2026-04-04 11:50:11,572 ] 25 networksecurityLogger - ERROR - Error occurred in script: [E:\ml\Project\push_data.py] at line: [44] error message: [bad auth : authentication failed, full error: {'ok': 0, 'errmsg': 'bad auth : authentication failed', 'code': 8000, 'codeName': 'AtlasError'}]
[ 2026-04-04 11:50:11,573 ] 25 networksecurityLogger - ERROR - Error occurred in script: [E:\ml\Project\push_data.py] at line: [61] error message: [bad auth : authentication failed, full error: {'ok': 0, 'errmsg': 'bad auth : authentication failed', 'code': 8000, 'codeName': 'AtlasError'}]
[ 2026-04-04 11:51:05,807 ] 28 networksecurityLogger - INFO - Data loaded successfully from CSV
[ 2026-04-04 11:51:18,762 ] 45 networksecurityLogger - INFO - Data successfully pushed to MongoDB
[ 2026-04-04 11:51:18,766 ] 63 networksecurityLogger - INFO - Data push pipeline completed
[ 2026-04-04 13:34:31,598 ] 164 numexpr.utils - INFO - NumExpr defaulting to 12 threads.
[ 2026-04-04 13:34:44,189 ] 10 networksecurityLogger - INFO - Training pipeline started
[ 2026-04-04 13:34:44,267 ] 46 networksecurityLogger - INFO - Data fetched from MongoDB
[ 2026-04-04 13:34:44,277 ] 59 networksecurityLogger - INFO - Data saved to feature store
[ 2026-04-04 13:34:44,278 ] 25 networksecurityLogger - ERROR - Error occurred in script: [E:\ml\Project\networksecurity\pipeline\data_ingestion.py] at line: [68] error message: [With n_samples=0, test_size=0.2 and train_size=None, the resulting train set will be empty. Adjust any of the aforementioned parameters.]
[ 2026-04-04 13:34:44,278 ] 25 networksecurityLogger - ERROR - Error occurred in script: [E:\ml\Project\networksecurity\pipeline\data_ingestion.py] at line: [89] error message: [With n_samples=0, test_size=0.2 and train_size=None, the resulting train set will be empty. Adjust any of the aforementioned parameters.]
[ 2026-04-04 13:34:44,278 ] 25 networksecurityLogger - ERROR - Error occurred in script: [E:\ml\Project\main.py] at line: [14] error message: [With n_samples=0, test_size=0.2 and train_size=None, the resulting train set will be empty. Adjust any of the aforementioned parameters.]
[ 2026-04-04 13:37:43,111 ] 164 numexpr.utils - INFO - NumExpr defaulting to 12 threads.
[ 2026-04-04 13:37:44,226 ] 10 networksecurityLogger - INFO - Training pipeline started
[ 2026-04-04 13:37:44,246 ] 46 networksecurityLogger - INFO - Data fetched from MongoDB
[ 2026-04-04 13:37:44,250 ] 59 networksecurityLogger - INFO - Data saved to feature store
[ 2026-04-04 13:37:44,250 ] 25 networksecurityLogger - ERROR - Error occurred in script: [E:\ml\Project\networksecurity\pipeline\data_ingestion.py] at line: [68] error message: [With n_samples=0, test_size=0.2 and train_size=None, the resulting train set will be empty. Adjust any of the aforementioned parameters.]
[ 2026-04-04 13:37:44,250 ] 25 networksecurityLogger - ERROR - Error occurred in script: [E:\ml\Project\networksecurity\pipeline\data_ingestion.py] at line: [89] error message: [With n_samples=0, test_size=0.2 and train_size=None, the resulting train set will be empty. Adjust any of the aforementioned parameters.]
[ 2026-04-04 13:37:44,250 ] 25 networksecurityLogger - ERROR - Error occurred in script: [E:\ml\Project\main.py] at line: [14] error message: [With n_samples=0, test_size=0.2 and train_size=None, the resulting train set will be empty. Adjust any of the aforementioned parameters.]
[ 2026-04-04 13:39:07,245 ] 164 numexpr.utils - INFO - NumExpr defaulting to 12 threads.
[ 2026-04-04 13:39:08,404 ] 10 networksecurityLogger - INFO - Training pipeline started
[ 2026-04-04 13:39:14,038 ] 46 networksecurityLogger - INFO - Data fetched from MongoDB
[ 2026-04-04 13:39:14,837 ] 59 networksecurityLogger - INFO - Data saved to feature store
[ 2026-04-04 13:39:15,685 ] 80 networksecurityLogger - INFO - Train-test split done
[ 2026-04-04 13:39:15,686 ] 91 networksecurityLogger - INFO - Data ingestion completed
[ 2026-04-04 13:39:15,686 ] 16 networksecurityLogger - INFO - Data Ingestion Artifact: None
[ 2026-04-04 13:39:15,686 ] 18 networksecurityLogger - INFO - Training pipeline completed successfully
[ 2026-04-04 13:41:28,967 ] 10 networksecurityLogger - INFO - Training pipeline started
[ 2026-04-04 13:41:29,011 ] 48 networksecurityLogger - INFO - Data fetched from MongoDB | shape: (0, 0)
[ 2026-04-04 13:41:29,011 ] 20 networksecurityLogger - ERROR - Error occurred in script: [E:\ml\Project\networksecurity\pipeline\data_ingestion.py] at line: [51] error message: [No data found in MongoDB]
[ 2026-04-04 13:41:29,011 ] 20 networksecurityLogger - ERROR - Error occurred in script: [E:\ml\Project\networksecurity\pipeline\data_ingestion.py] at line: [92] error message: [Error occurred in script: [E:\ml\Project\networksecurity\pipeline\data_ingestion.py] at line: [51] error message: [No data found in MongoDB]]
[ 2026-04-04 13:41:29,012 ] 20 networksecurityLogger - ERROR - Error occurred in script: [E:\ml\Project\main.py] at line: [14] error message: [Error occurred in script: [E:\ml\Project\networksecurity\pipeline\data_ingestion.py] at line: [92] error message: [Error occurred in script: [E:\ml\Project\networksecurity\pipeline\data_ingestion.py] at line: [51] error message: [No data found in MongoDB]]]
[ 2026-04-04 13:44:13,313 ] 30 networksecurityLogger - INFO - Loading data from CSV...
[ 2026-04-04 13:44:13,339 ] 37 networksecurityLogger - INFO - Data loaded | shape: (11055, 31)
[ 2026-04-04 13:44:13,339 ] 51 networksecurityLogger - INFO - Connecting to MongoDB...
[ 2026-04-04 13:44:15,220 ] 79 networksecurityLogger - INFO - Old data cleared from collection
[ 2026-04-04 13:44:25,948 ] 93 networksecurityLogger - INFO - Inserted 11055 records into MongoDB
[ 2026-04-04 13:44:26,383 ] 119 networksecurityLogger - INFO - Data push pipeline completed
[ 2026-04-04 13:46:38,875 ] 30 networksecurityLogger - INFO - Loading data from CSV...
[ 2026-04-04 13:46:38,900 ] 37 networksecurityLogger - INFO - Data loaded | shape: (11055, 31)
[ 2026-04-04 13:46:38,901 ] 51 networksecurityLogger - INFO - Connecting to MongoDB...
[ 2026-04-04 13:46:40,012 ] 58 networksecurityLogger - INFO - MongoDB connection successful
[ 2026-04-04 13:46:41,039 ] 79 networksecurityLogger - INFO - Old data cleared from collection
[ 2026-04-04 13:46:49,398 ] 93 networksecurityLogger - INFO - Inserted 11055 records into MongoDB
[ 2026-04-04 13:46:49,672 ] 119 networksecurityLogger - INFO - Data push pipeline completed
[ 2026-04-04 13:47:17,253 ] 10 networksecurityLogger - INFO - Training pipeline started
[ 2026-04-04 13:47:17,272 ] 48 networksecurityLogger - INFO - Data fetched from MongoDB | shape: (0, 0)
[ 2026-04-04 13:47:17,272 ] 20 networksecurityLogger - ERROR - Error occurred in script: [E:\ml\Project\networksecurity\pipeline\data_ingestion.py] at line: [51] error message: [No data found in MongoDB]
[ 2026-04-04 13:47:17,273 ] 20 networksecurityLogger - ERROR - Error occurred in script: [E:\ml\Project\networksecurity\pipeline\data_ingestion.py] at line: [92] error message: [Error occurred in script: [E:\ml\Project\networksecurity\pipeline\data_ingestion.py] at line: [51] error message: [No data found in MongoDB]]
[ 2026-04-04 13:47:17,273 ] 20 networksecurityLogger - ERROR - Error occurred in script: [E:\ml\Project\main.py] at line: [14] error message: [Error occurred in script: [E:\ml\Project\networksecurity\pipeline\data_ingestion.py] at line: [92] error message: [Error occurred in script: [E:\ml\Project\networksecurity\pipeline\data_ingestion.py] at line: [51] error message: [No data found in MongoDB]]]
[ 2026-04-04 13:50:46,812 ] 10 networksecurityLogger - INFO - Training pipeline started
[ 2026-04-04 13:50:53,596 ] 50 networksecurityLogger - INFO - Data fetched from MongoDB | shape: (11055, 31)
[ 2026-04-04 13:50:54,316 ] 66 networksecurityLogger - INFO - Data saved to feature store
[ 2026-04-04 13:50:55,059 ] 87 networksecurityLogger - INFO - Train-test split done
[ 2026-04-04 13:50:55,059 ] 98 networksecurityLogger - INFO - Data ingestion completed
[ 2026-04-04 13:50:55,059 ] 16 networksecurityLogger - INFO - Data Ingestion Artifact: DataIngestionArtifact(trained_file_path='Artifacts\\04_04_2026_13_50_46\\data_ingestion\\ingested\\train.csv', test_file_path='Artifacts\\04_04_2026_13_50_46\\data_ingestion\\ingested\\test.csv')
[ 2026-04-04 13:50:55,059 ] 18 networksecurityLogger - INFO - Training pipeline completed successfully
[ 2026-04-05 00:05:28,544 ] 10 networksecurityLogger - INFO - Training pipeline started
[ 2026-04-05 00:05:37,521 ] 50 networksecurityLogger - INFO - Data fetched from MongoDB | shape: (11055, 31)
[ 2026-04-05 00:05:38,266 ] 66 networksecurityLogger - INFO - Data saved to feature store
[ 2026-04-05 00:05:39,067 ] 87 networksecurityLogger - INFO - Train-test split done
[ 2026-04-05 00:05:39,068 ] 98 networksecurityLogger - INFO - Data ingestion completed
[ 2026-04-05 00:05:39,069 ] 16 networksecurityLogger - INFO - Data Ingestion Artifact: DataIngestionArtifact(trained_file_path='Artifacts\\04_05_2026_00_05_28\\data_ingestion\\ingested\\train.csv', test_file_path='Artifacts\\04_05_2026_00_05_28\\data_ingestion\\ingested\\test.csv')
[ 2026-04-05 00:05:39,069 ] 18 networksecurityLogger - INFO - Training pipeline completed successfully
[ 2026-04-05 00:12:56,374 ] 10 networksecurityLogger - INFO - Training pipeline started
[ 2026-04-05 00:13:07,750 ] 50 networksecurityLogger - INFO - Data fetched from MongoDB | shape: (11055, 31)
[ 2026-04-05 00:13:08,515 ] 66 networksecurityLogger - INFO - Data saved to feature store
[ 2026-04-05 00:13:09,203 ] 87 networksecurityLogger - INFO - Train-test split done
[ 2026-04-05 00:13:09,204 ] 98 networksecurityLogger - INFO - Data ingestion completed
[ 2026-04-05 00:13:09,205 ] 16 networksecurityLogger - INFO - Data Ingestion Artifact: DataIngestionArtifact(trained_file_path='Artifacts\\04_05_2026_00_12_56\\data_ingestion\\ingested\\train.csv', test_file_path='Artifacts\\04_05_2026_00_12_56\\data_ingestion\\ingested\\test.csv')
[ 2026-04-05 00:13:09,206 ] 18 networksecurityLogger - INFO - Training pipeline completed successfully
[ 2026-04-05 00:46:42,030 ] 11 networksecurityLogger - INFO - Training pipeline started
[ 2026-04-05 00:46:48,504 ] 50 networksecurityLogger - INFO - Data fetched from MongoDB | shape: (11055, 31)
[ 2026-04-05 00:46:49,279 ] 66 networksecurityLogger - INFO - Data saved to feature store
[ 2026-04-05 00:46:50,096 ] 87 networksecurityLogger - INFO - Train-test split done
[ 2026-04-05 00:46:50,097 ] 98 networksecurityLogger - INFO - Data ingestion completed
[ 2026-04-05 00:46:50,098 ] 17 networksecurityLogger - INFO - Data Ingestion Artifact: DataIngestionArtifact(trained_file_path='Artifacts\\04_05_2026_00_46_41\\data_ingestion\\ingested\\train.csv', test_file_path='Artifacts\\04_05_2026_00_46_41\\data_ingestion\\ingested\\test.csv')
[ 2026-04-05 00:46:50,099 ] 19 networksecurityLogger - INFO - Training pipeline completed successfully
[ 2026-04-05 00:46:50,100 ] 25 networksecurityLogger - INFO - Data Validation started
[ 2026-04-05 00:46:50,101 ] 20 networksecurityLogger - ERROR - Error occurred in script: [E:\ml\Project\main.py] at line: [28] error message: [DataValidation.__init__() got an unexpected keyword argument 'data_ingestion_artifact']
[ 2026-04-05 00:48:44,497 ] 14 networksecurityLogger - INFO - Training pipeline started
[ 2026-04-05 00:48:46,686 ] 50 networksecurityLogger - INFO - Data fetched from MongoDB | shape: (11055, 31)
[ 2026-04-05 00:48:47,385 ] 66 networksecurityLogger - INFO - Data saved to feature store
[ 2026-04-05 00:48:48,136 ] 87 networksecurityLogger - INFO - Train-test split done
[ 2026-04-05 00:48:48,137 ] 98 networksecurityLogger - INFO - Data ingestion completed
[ 2026-04-05 00:48:48,138 ] 20 networksecurityLogger - INFO - Data Ingestion Artifact: DataIngestionArtifact(trained_file_path='Artifacts\\04_05_2026_00_48_44\\data_ingestion\\ingested\\train.csv', test_file_path='Artifacts\\04_05_2026_00_48_44\\data_ingestion\\ingested\\test.csv')
[ 2026-04-05 00:48:48,138 ] 32 networksecurityLogger - INFO - Data Validation started
[ 2026-04-05 00:48:48,168 ] 42 networksecurityLogger - INFO - Expected columns: 31
[ 2026-04-05 00:48:48,168 ] 43 networksecurityLogger - INFO - Actual columns: 31
[ 2026-04-05 00:48:48,168 ] 42 networksecurityLogger - INFO - Expected columns: 31
[ 2026-04-05 00:48:48,168 ] 43 networksecurityLogger - INFO - Actual columns: 31
[ 2026-04-05 00:48:49,026 ] 100 networksecurityLogger - INFO - Data Validation Completed
[ 2026-04-05 00:48:49,027 ] 37 networksecurityLogger - INFO - Data Validation Artifact: DataValidationArtifact(validation_status=True, valid_train_file_path='Artifacts\\04_05_2026_00_48_44\\data_validation\\validated\\train.csv', valid_test_file_path='Artifacts\\04_05_2026_00_48_44\\data_validation\\validated\\test.csv', invalid_train_file_path='Artifacts\\04_05_2026_00_48_44\\data_validation\\invalid\\train.csv', invalid_test_file_path='Artifacts\\04_05_2026_00_48_44\\data_validation\\invalid\\test.csv', drift_report_file_path='Artifacts\\04_05_2026_00_48_44\\data_validation\\drift_report\\report.yaml')
[ 2026-04-05 00:48:49,028 ] 39 networksecurityLogger - INFO - Training pipeline completed successfully
